<?xml version="1.0" encoding="UTF-8"?>
<!-- Generated by org.testng.reporters.JUnitReportReporter -->
<testsuite hostname="DESKTOP-O89CTC7" failures="0" tests="1" name="com.org.LearnMaven.FirstFunctions" time="12.006" errors="0" timestamp="25 Aug 2018 15:56:58 GMT" skipped="0">
  <testcase classname="com.org.LearnMaven.FirstFunctions" name="Test1" time="12.006"/>
</testsuite> <!-- com.org.LearnMaven.FirstFunctions -->
